  20232907 정현승 과제 3 공통 코드.c
  20232907 정현승 과제 3 문제 1 코드.c
  20232907 정현승 과제 3 문제 2 코드.c
D:\중앙대 자료\1학년 2학기\프로그래밍\실습 문제\과제 3\20232907 정현승 과제 3 공통 코드.c(18,22): warning C4267: '함수': 'size_t'에서 'int'(으)로 변환하면서 데이터가 손실될 수 있습니다.
D:\중앙대 자료\1학년 2학기\프로그래밍\실습 문제\과제 3\20232907 정현승 과제 3 문제 1 코드.c(25,21): warning C4267: '함수': 'size_t'에서 'int'(으)로 변환하면서 데이터가 손실될 수 있습니다.
D:\중앙대 자료\1학년 2학기\프로그래밍\실습 문제\과제 3\20232907 정현승 과제 3 문제 1 코드.c(46,13): warning C4047: '함수': 'void **'의 간접 참조 수준이 'char ***'과(와) 다릅니다.
D:\중앙대 자료\1학년 2학기\프로그래밍\실습 문제\과제 3\20232907 정현승 과제 3 문제 1 코드.c(46,13): warning C4022: 'freeset': 실제 매개 변수 1의 포인터가 일치하지 않습니다.
D:\중앙대 자료\1학년 2학기\프로그래밍\실습 문제\과제 3\20232907 정현승 과제 3 문제 1 코드.c(82,13): warning C4047: '함수': 'void **'의 간접 참조 수준이 'char ***'과(와) 다릅니다.
D:\중앙대 자료\1학년 2학기\프로그래밍\실습 문제\과제 3\20232907 정현승 과제 3 문제 1 코드.c(82,13): warning C4022: 'freeset': 실제 매개 변수 1의 포인터가 일치하지 않습니다.
D:\중앙대 자료\1학년 2학기\프로그래밍\실습 문제\과제 3\20232907 정현승 과제 3 문제 1 코드.c(109,10): warning C4047: '함수': 'void **'의 간접 참조 수준이 'char ***'과(와) 다릅니다.
D:\중앙대 자료\1학년 2학기\프로그래밍\실습 문제\과제 3\20232907 정현승 과제 3 문제 1 코드.c(109,10): warning C4022: 'freeset': 실제 매개 변수 1의 포인터가 일치하지 않습니다.
D:\중앙대 자료\1학년 2학기\프로그래밍\실습 문제\과제 3\20232907 정현승 과제 3 문제 2 코드.c(21,8): warning C4244: '함수': 'time_t'에서 'unsigned int'(으)로 변환하면서 데이터가 손실될 수 있습니다.
D:\중앙대 자료\1학년 2학기\프로그래밍\실습 문제\과제 3\20232907 정현승 과제 3 문제 2 코드.c(28,36): warning C4090: '=': 'const' 한정자가 서로 다릅니다.
D:\중앙대 자료\1학년 2학기\프로그래밍\실습 문제\과제 3\20232907 정현승 과제 3 문제 2 코드.c(31,10): warning C4267: '=': 'size_t'에서 'strlen_type'(으)로 변환하면서 데이터가 손실될 수 있습니다.
D:\중앙대 자료\1학년 2학기\프로그래밍\실습 문제\과제 3\20232907 정현승 과제 3 문제 2 코드.c(36,14): warning C4244: '=': 'double'에서 'float'(으)로 변환하면서 데이터가 손실될 수 있습니다.
  20232907 정현승 과제 3 문제 3 코드.c
D:\중앙대 자료\1학년 2학기\프로그래밍\실습 문제\과제 3\20232907 정현승 과제 3 문제 3 코드.c(29,30): warning C4090: '=': 'const' 한정자가 서로 다릅니다.
D:\중앙대 자료\1학년 2학기\프로그래밍\실습 문제\과제 3\20232907 정현승 과제 3 문제 3 코드.c(31,30): warning C4090: '=': 'const' 한정자가 서로 다릅니다.
D:\중앙대 자료\1학년 2학기\프로그래밍\실습 문제\과제 3\20232907 정현승 과제 3 문제 3 코드.c(114,10): warning C4090: '=': 'const' 한정자가 서로 다릅니다.
D:\중앙대 자료\1학년 2학기\프로그래밍\실습 문제\과제 3\20232907 정현승 과제 3 문제 3 코드.c(127,26): warning C4267: '=': 'size_t'에서 'char'(으)로 변환하면서 데이터가 손실될 수 있습니다.
D:\중앙대 자료\1학년 2학기\프로그래밍\실습 문제\과제 3\20232907 정현승 과제 3 문제 3 코드.c(182,13): warning C4047: '함수': 'void **'의 간접 참조 수준이 'char *'과(와) 다릅니다.
D:\중앙대 자료\1학년 2학기\프로그래밍\실습 문제\과제 3\20232907 정현승 과제 3 문제 3 코드.c(182,13): warning C4022: 'freeset': 실제 매개 변수 1의 포인터가 일치하지 않습니다.
D:\중앙대 자료\1학년 2학기\프로그래밍\실습 문제\과제 3\20232907 정현승 과제 3 문제 3 코드.c(193,27): warning C4244: '=': 'unsigned __int64'에서 'unsigned int'(으)로 변환하면서 데이터가 손실될 수 있습니다.
D:\중앙대 자료\1학년 2학기\프로그래밍\실습 문제\과제 3\20232907 정현승 과제 3 문제 3 코드.c(199,16): warning C4244: '=': 'unsigned __int64'에서 'char'(으)로 변환하면서 데이터가 손실될 수 있습니다.
D:\중앙대 자료\1학년 2학기\프로그래밍\실습 문제\과제 3\20232907 정현승 과제 3 문제 3 코드.c(206,13): warning C4047: '함수': 'void **'의 간접 참조 수준이 'char *'과(와) 다릅니다.
D:\중앙대 자료\1학년 2학기\프로그래밍\실습 문제\과제 3\20232907 정현승 과제 3 문제 3 코드.c(206,13): warning C4022: 'freeset': 실제 매개 변수 1의 포인터가 일치하지 않습니다.
D:\중앙대 자료\1학년 2학기\프로그래밍\실습 문제\과제 3\20232907 정현승 과제 3 문제 3 코드.c(449,44): warning C4554: '^': 연산자 우선 순위에 오류가 있는지 확인하세요. 괄호를 사용하여 우선 순위를 명확하게 지정하세요.
D:\중앙대 자료\1학년 2학기\프로그래밍\실습 문제\과제 3\20232907 정현승 과제 3 문제 3 코드.c(450,44): warning C4554: '^': 연산자 우선 순위에 오류가 있는지 확인하세요. 괄호를 사용하여 우선 순위를 명확하게 지정하세요.
D:\중앙대 자료\1학년 2학기\프로그래밍\실습 문제\과제 3\20232907 정현승 과제 3 문제 3 코드.c(452,66): warning C4554: '^': 연산자 우선 순위에 오류가 있는지 확인하세요. 괄호를 사용하여 우선 순위를 명확하게 지정하세요.
D:\중앙대 자료\1학년 2학기\프로그래밍\실습 문제\과제 3\20232907 정현승 과제 3 문제 3 코드.c(453,66): warning C4554: '^': 연산자 우선 순위에 오류가 있는지 확인하세요. 괄호를 사용하여 우선 순위를 명확하게 지정하세요.
D:\중앙대 자료\1학년 2학기\프로그래밍\실습 문제\과제 3\20232907 정현승 과제 3 문제 3 코드.c(457,46): warning C4554: '^': 연산자 우선 순위에 오류가 있는지 확인하세요. 괄호를 사용하여 우선 순위를 명확하게 지정하세요.
D:\중앙대 자료\1학년 2학기\프로그래밍\실습 문제\과제 3\20232907 정현승 과제 3 문제 3 코드.c(458,51): warning C4554: '^': 연산자 우선 순위에 오류가 있는지 확인하세요. 괄호를 사용하여 우선 순위를 명확하게 지정하세요.
  20232907 정현승 과제 3 문제 4 코드.c
D:\중앙대 자료\1학년 2학기\프로그래밍\실습 문제\과제 3\20232907 정현승 과제 3 문제 4 코드.c(10,27): warning C4090: '=': 'const' 한정자가 서로 다릅니다.
D:\중앙대 자료\1학년 2학기\프로그래밍\실습 문제\과제 3\20232907 정현승 과제 3 문제 4 코드.c(14,8): warning C4013: 'isdigit'이(가) 정의되지 않았습니다. extern은 int형을 반환하는 것으로 간주합니다.
  코드를 생성하고 있습니다...
20232907 정현승 과제 3 문제 2 코드.obj : error LNK2005: main이(가) 20232907 정현승 과제 3 문제 1 코드.obj에 이미 정의되어 있습니다.
20232907 정현승 과제 3 문제 3 코드.obj : error LNK2005: main이(가) 20232907 정현승 과제 3 문제 1 코드.obj에 이미 정의되어 있습니다.
20232907 정현승 과제 3 문제 4 코드.obj : error LNK2005: main이(가) 20232907 정현승 과제 3 문제 1 코드.obj에 이미 정의되어 있습니다.
D:\중앙대 자료\1학년 2학기\프로그래밍\실습 문제\과제 3\x64\Debug\과제 3.exe : fatal error LNK1169: 여러 번 정의된 기호가 있습니다.
