  20232907 정현승 과제 3 공통 코드.c
D:\OneDrive - 중앙대학교\1학년 2학기\프로그래밍\실습 문제\과제 3-3 제출이후수정\20232907 정현승 과제 3 공통 헤더.h(1,1): warning C4828: 파일에 0x3c1 오프셋에서 시작하는 문자가 포함되어 있습니다. 이 문자는 현재 원본 문자 집합에서 잘못된 문자입니다(코드 페이지 949).
D:\OneDrive - 중앙대학교\1학년 2학기\프로그래밍\실습 문제\과제 3-3 제출이후수정\20232907 정현승 과제 3 공통 코드.c(18,22): warning C4267: '함수': 'size_t'에서 'int'(으)로 변환하면서 데이터가 손실될 수 있습니다.
  과제 3-3 제출이후수정.c
D:\OneDrive - 중앙대학교\1학년 2학기\프로그래밍\실습 문제\과제 3-3 제출이후수정\20232907 정현승 과제 3 공통 헤더.h(1,1): warning C4828: 파일에 0x3c1 오프셋에서 시작하는 문자가 포함되어 있습니다. 이 문자는 현재 원본 문자 집합에서 잘못된 문자입니다(코드 페이지 949).
D:\OneDrive - 중앙대학교\1학년 2학기\프로그래밍\실습 문제\과제 3-3 제출이후수정\과제 3-3 제출이후수정.c(29,30): warning C4090: '=': 'const' 한정자가 서로 다릅니다.
D:\OneDrive - 중앙대학교\1학년 2학기\프로그래밍\실습 문제\과제 3-3 제출이후수정\과제 3-3 제출이후수정.c(31,30): warning C4090: '=': 'const' 한정자가 서로 다릅니다.
D:\OneDrive - 중앙대학교\1학년 2학기\프로그래밍\실습 문제\과제 3-3 제출이후수정\과제 3-3 제출이후수정.c(121,10): warning C4090: '=': 'const' 한정자가 서로 다릅니다.
D:\OneDrive - 중앙대학교\1학년 2학기\프로그래밍\실습 문제\과제 3-3 제출이후수정\과제 3-3 제출이후수정.c(134,26): warning C4267: '=': 'size_t'에서 'char'(으)로 변환하면서 데이터가 손실될 수 있습니다.
D:\OneDrive - 중앙대학교\1학년 2학기\프로그래밍\실습 문제\과제 3-3 제출이후수정\과제 3-3 제출이후수정.c(189,16): warning C4047: '함수': 'void **'의 간접 참조 수준이 'char *'과(와) 다릅니다.
D:\OneDrive - 중앙대학교\1학년 2학기\프로그래밍\실습 문제\과제 3-3 제출이후수정\과제 3-3 제출이후수정.c(189,13): warning C4022: 'freeset': 실제 매개 변수 1의 포인터가 일치하지 않습니다.
D:\OneDrive - 중앙대학교\1학년 2학기\프로그래밍\실습 문제\과제 3-3 제출이후수정\과제 3-3 제출이후수정.c(200,27): warning C4244: '=': 'unsigned __int64'에서 'unsigned int'(으)로 변환하면서 데이터가 손실될 수 있습니다.
D:\OneDrive - 중앙대학교\1학년 2학기\프로그래밍\실습 문제\과제 3-3 제출이후수정\과제 3-3 제출이후수정.c(206,16): warning C4244: '=': 'unsigned __int64'에서 'char'(으)로 변환하면서 데이터가 손실될 수 있습니다.
D:\OneDrive - 중앙대학교\1학년 2학기\프로그래밍\실습 문제\과제 3-3 제출이후수정\과제 3-3 제출이후수정.c(213,16): warning C4047: '함수': 'void **'의 간접 참조 수준이 'char *'과(와) 다릅니다.
D:\OneDrive - 중앙대학교\1학년 2학기\프로그래밍\실습 문제\과제 3-3 제출이후수정\과제 3-3 제출이후수정.c(213,13): warning C4022: 'freeset': 실제 매개 변수 1의 포인터가 일치하지 않습니다.
D:\OneDrive - 중앙대학교\1학년 2학기\프로그래밍\실습 문제\과제 3-3 제출이후수정\과제 3-3 제출이후수정.c(456,44): warning C4554: '^': 연산자 우선 순위에 오류가 있는지 확인하세요. 괄호를 사용하여 우선 순위를 명확하게 지정하세요.
D:\OneDrive - 중앙대학교\1학년 2학기\프로그래밍\실습 문제\과제 3-3 제출이후수정\과제 3-3 제출이후수정.c(457,44): warning C4554: '^': 연산자 우선 순위에 오류가 있는지 확인하세요. 괄호를 사용하여 우선 순위를 명확하게 지정하세요.
D:\OneDrive - 중앙대학교\1학년 2학기\프로그래밍\실습 문제\과제 3-3 제출이후수정\과제 3-3 제출이후수정.c(459,66): warning C4554: '^': 연산자 우선 순위에 오류가 있는지 확인하세요. 괄호를 사용하여 우선 순위를 명확하게 지정하세요.
D:\OneDrive - 중앙대학교\1학년 2학기\프로그래밍\실습 문제\과제 3-3 제출이후수정\과제 3-3 제출이후수정.c(460,66): warning C4554: '^': 연산자 우선 순위에 오류가 있는지 확인하세요. 괄호를 사용하여 우선 순위를 명확하게 지정하세요.
D:\OneDrive - 중앙대학교\1학년 2학기\프로그래밍\실습 문제\과제 3-3 제출이후수정\과제 3-3 제출이후수정.c(464,46): warning C4554: '^': 연산자 우선 순위에 오류가 있는지 확인하세요. 괄호를 사용하여 우선 순위를 명확하게 지정하세요.
D:\OneDrive - 중앙대학교\1학년 2학기\프로그래밍\실습 문제\과제 3-3 제출이후수정\과제 3-3 제출이후수정.c(465,51): warning C4554: '^': 연산자 우선 순위에 오류가 있는지 확인하세요. 괄호를 사용하여 우선 순위를 명확하게 지정하세요.
  코드를 생성하고 있습니다...
  과제 3-3 제출이후수정.vcxproj -> D:\OneDrive - 중앙대학교\1학년 2학기\프로그래밍\실습 문제\과제 3-3 제출이후수정\x64\Debug\과제 3-3 제출이후수정.exe
